# JRE version: Java(TM) SE Runtime Environment (8.0_191-b12) (build 1.8.0_191-b12)
# Java VM: Java HotSpot(TM) Client VM (25.191-b12 mixed mode windows-x86 )
Heap:
 def new generation   total 45440K, used 3447K [0x04800000, 0x07940000, 0x0f2a0000)
  eden space 40448K,   8% used [0x04800000, 0x04b58470, 0x06f80000)
  from space 4992K,   0% used [0x06f80000, 0x06f85870, 0x07460000)
  to   space 4992K,   0% used [0x07460000, 0x07460000, 0x07940000)
 tenured generation   total 100720K, used 80037K [0x0f2a0000, 0x154fc000, 0x24800000)
   the space 100720K,  79% used [0x0f2a0000, 0x140c9440, 0x140c9600, 0x154fc000)
 Metaspace       used 25851K, capacity 26598K, committed 26624K, reserved 27008K
GC Heap History (10 events):
Event: 18089.523 GC heap before
{Heap before GC invocations=2050 (full 3):
 def new generation   total 45440K, used 40470K [0x04800000, 0x07940000, 0x0f2a0000)
  eden space 40448K, 100% used [0x04800000, 0x06f80000, 0x06f80000)
  from space 4992K,   0% used [0x07460000, 0x07465a70, 0x07940000)
  to   space 4992K,   0% used [0x06f80000, 0x06f80000, 0x07460000)
 tenured generation   total 100720K, used 80029K [0x0f2a0000, 0x154fc000, 0x24800000)
   the space 100720K,  79% used [0x0f2a0000, 0x140c7620, 0x140c7800, 0x154fc000)
 Metaspace       used 25851K, capacity 26598K, committed 26624K, reserved 27008K
Event: 18089.525 GC heap after
Heap after GC invocations=2051 (full 3):
 def new generation   total 45440K, used 23K [0x04800000, 0x07940000, 0x0f2a0000)
  eden space 40448K,   0% used [0x04800000, 0x04800000, 0x06f80000)
  from space 4992K,   0% used [0x06f80000, 0x06f85d58, 0x07460000)
  to   space 4992K,   0% used [0x07460000, 0x07460000, 0x07940000)
 tenured generation   total 100720K, used 80030K [0x0f2a0000, 0x154fc000, 0x24800000)
   the space 100720K,  79% used [0x0f2a0000, 0x140c7b90, 0x140c7c00, 0x154fc000)
 Metaspace       used 25851K, capacity 26598K, committed 26624K, reserved 27008K
}
Event: 18101.656 GC heap before
{Heap before GC invocations=2051 (full 3):
 def new generation   total 45440K, used 40471K [0x04800000, 0x07940000, 0x0f2a0000)
  eden space 40448K, 100% used [0x04800000, 0x06f80000, 0x06f80000)
  from space 4992K,   0% used [0x06f80000, 0x06f85d58, 0x07460000)
  to   space 4992K,   0% used [0x07460000, 0x07460000, 0x07940000)
 tenured generation   total 100720K, used 80030K [0x0f2a0000, 0x154fc000, 0x24800000)
   the space 100720K,  79% used [0x0f2a0000, 0x140c7b90, 0x140c7c00, 0x154fc000)
 Metaspace       used 25851K, capacity 26598K, committed 26624K, reserved 27008K
Event: 18101.660 GC heap after
Heap after GC invocations=2052 (full 3):
 def new generation   total 45440K, used 22K [0x04800000, 0x07940000, 0x0f2a0000)
  eden space 40448K,   0% used [0x04800000, 0x04800000, 0x06f80000)
  from space 4992K,   0% used [0x07460000, 0x07465970, 0x07940000)
  to   space 4992K,   0% used [0x06f80000, 0x06f80000, 0x07460000)
 tenured generation   total 100720K, used 80032K [0x0f2a0000, 0x154fc000, 0x24800000)
   the space 100720K,  79% used [0x0f2a0000, 0x140c82e8, 0x140c8400, 0x154fc000)
 Metaspace       used 25851K, capacity 26598K, committed 26624K, reserved 27008K
}
Event: 18113.935 GC heap before
{Heap before GC invocations=2052 (full 3):
 def new generation   total 45440K, used 40470K [0x04800000, 0x07940000, 0x0f2a0000)
  eden space 40448K, 100% used [0x04800000, 0x06f80000, 0x06f80000)
  from space 4992K,   0% used [0x07460000, 0x07465970, 0x07940000)
  to   space 4992K,   0% used [0x06f80000, 0x06f80000, 0x07460000)
 tenured generation   total 100720K, used 80032K [0x0f2a0000, 0x154fc000, 0x24800000)
   the space 100720K,  79% used [0x0f2a0000, 0x140c82e8, 0x140c8400, 0x154fc000)
 Metaspace       used 25851K, capacity 26598K, committed 26624K, reserved 27008K
Event: 18113.938 GC heap after
Heap after GC invocations=2053 (full 3):
 def new generation   total 45440K, used 34K [0x04800000, 0x07940000, 0x0f2a0000)
  eden space 40448K,   0% used [0x04800000, 0x04800000, 0x06f80000)
  from space 4992K,   0% used [0x06f80000, 0x06f88878, 0x07460000)
  to   space 4992K,   0% used [0x07460000, 0x07460000, 0x07940000)
 tenured generation   total 100720K, used 80033K [0x0f2a0000, 0x154fc000, 0x24800000)
   the space 100720K,  79% used [0x0f2a0000, 0x140c87e8, 0x140c8800, 0x154fc000)
 Metaspace       used 25851K, capacity 26598K, committed 26624K, reserved 27008K
}
Event: 18126.172 GC heap before
{Heap before GC invocations=2053 (full 3):
 def new generation   total 45440K, used 40482K [0x04800000, 0x07940000, 0x0f2a0000)
  eden space 40448K, 100% used [0x04800000, 0x06f80000, 0x06f80000)
  from space 4992K,   0% used [0x06f80000, 0x06f88878, 0x07460000)
  to   space 4992K,   0% used [0x07460000, 0x07460000, 0x07940000)
 tenured generation   total 100720K, used 80033K [0x0f2a0000, 0x154fc000, 0x24800000)
   the space 100720K,  79% used [0x0f2a0000, 0x140c87e8, 0x140c8800, 0x154fc000)
 Metaspace       used 25851K, capacity 26598K, committed 26624K, reserved 27008K
Event: 18126.174 GC heap after
Heap after GC invocations=2054 (full 3):
 def new generation   total 45440K, used 22K [0x04800000, 0x07940000, 0x0f2a0000)
  eden space 40448K,   0% used [0x04800000, 0x04800000, 0x06f80000)
  from space 4992K,   0% used [0x07460000, 0x074658a8, 0x07940000)
  to   space 4992K,   0% used [0x06f80000, 0x06f80000, 0x07460000)
 tenured generation   total 100720K, used 80035K [0x0f2a0000, 0x154fc000, 0x24800000)
   the space 100720K,  79% used [0x0f2a0000, 0x140c8f68, 0x140c9000, 0x154fc000)
 Metaspace       used 25851K, capacity 26598K, committed 26624K, reserved 27008K
}
Event: 18136.012 GC heap before
{Heap before GC invocations=2054 (full 3):
 def new generation   total 45440K, used 40470K [0x04800000, 0x07940000, 0x0f2a0000)
  eden space 40448K, 100% used [0x04800000, 0x06f80000, 0x06f80000)
  from space 4992K,   0% used [0x07460000, 0x074658a8, 0x07940000)
  to   space 4992K,   0% used [0x06f80000, 0x06f80000, 0x07460000)
 tenured generation   total 100720K, used 80035K [0x0f2a0000, 0x154fc000, 0x24800000)
   the space 100720K,  79% used [0x0f2a0000, 0x140c8f68, 0x140c9000, 0x154fc000)
 Metaspace       used 25851K, capacity 26598K, committed 26624K, reserved 27008K
Event: 18136.016 GC heap after
Heap after GC invocations=2055 (full 3):
 def new generation   total 45440K, used 22K [0x04800000, 0x07940000, 0x0f2a0000)
  eden space 40448K,   0% used [0x04800000, 0x04800000, 0x06f80000)
  from space 4992K,   0% used [0x06f80000, 0x06f85870, 0x07460000)
  to   space 4992K,   0% used [0x07460000, 0x07460000, 0x07940000)
 tenured generation   total 100720K, used 80037K [0x0f2a0000, 0x154fc000, 0x24800000)
   the space 100720K,  79% used [0x0f2a0000, 0x140c9440, 0x140c9600, 0x154fc000)
 Metaspace       used 25851K, capacity 26598K, committed 26624K, reserved 27008K
}

