# JRE version: Java(TM) SE Runtime Environment (8.0_191-b12) (build 1.8.0_191-b12)
# Java VM: Java HotSpot(TM) Client VM (25.191-b12 mixed mode windows-x86 )
Heap:
 def new generation   total 63488K, used 2302K [0x05000000, 0x094e0000, 0x0faa0000)
  eden space 56448K,   4% used [0x05000000, 0x0523d918, 0x08720000)
  from space 7040K,   0% used [0x08e00000, 0x08e021f8, 0x094e0000)
  to   space 7040K,   0% used [0x08720000, 0x08720000, 0x08e00000)
 tenured generation   total 140880K, used 99555K [0x0faa0000, 0x18434000, 0x25000000)
   the space 140880K,  70% used [0x0faa0000, 0x15bd8cc0, 0x15bd8e00, 0x18434000)
 Metaspace       used 25618K, capacity 26263K, committed 26624K, reserved 27008K
GC Heap History (10 events):
Event: 119299.998 GC heap before
{Heap before GC invocations=115 (full 4):
 def new generation   total 63488K, used 56449K [0x05000000, 0x094e0000, 0x0faa0000)
  eden space 56448K, 100% used [0x05000000, 0x08720000, 0x08720000)
  from space 7040K,   0% used [0x08720000, 0x087205f0, 0x08e00000)
  to   space 7040K,   0% used [0x08e00000, 0x08e00000, 0x094e0000)
 tenured generation   total 140880K, used 99555K [0x0faa0000, 0x18434000, 0x25000000)
   the space 140880K,  70% used [0x0faa0000, 0x15bd8cc0, 0x15bd8e00, 0x18434000)
 Metaspace       used 25618K, capacity 26263K, committed 26624K, reserved 27008K
Event: 119300.002 GC heap after
Heap after GC invocations=116 (full 4):
 def new generation   total 63488K, used 2K [0x05000000, 0x094e0000, 0x0faa0000)
  eden space 56448K,   0% used [0x05000000, 0x05000000, 0x08720000)
  from space 7040K,   0% used [0x08e00000, 0x08e009b0, 0x094e0000)
  to   space 7040K,   0% used [0x08720000, 0x08720000, 0x08e00000)
 tenured generation   total 140880K, used 99555K [0x0faa0000, 0x18434000, 0x25000000)
   the space 140880K,  70% used [0x0faa0000, 0x15bd8cc0, 0x15bd8e00, 0x18434000)
 Metaspace       used 25618K, capacity 26263K, committed 26624K, reserved 27008K
}
Event: 119602.409 GC heap before
{Heap before GC invocations=116 (full 4):
 def new generation   total 63488K, used 56450K [0x05000000, 0x094e0000, 0x0faa0000)
  eden space 56448K, 100% used [0x05000000, 0x08720000, 0x08720000)
  from space 7040K,   0% used [0x08e00000, 0x08e009b0, 0x094e0000)
  to   space 7040K,   0% used [0x08720000, 0x08720000, 0x08e00000)
 tenured generation   total 140880K, used 99555K [0x0faa0000, 0x18434000, 0x25000000)
   the space 140880K,  70% used [0x0faa0000, 0x15bd8cc0, 0x15bd8e00, 0x18434000)
 Metaspace       used 25618K, capacity 26263K, committed 26624K, reserved 27008K
Event: 119602.412 GC heap after
Heap after GC invocations=117 (full 4):
 def new generation   total 63488K, used 3K [0x05000000, 0x094e0000, 0x0faa0000)
  eden space 56448K,   0% used [0x05000000, 0x05000000, 0x08720000)
  from space 7040K,   0% used [0x08720000, 0x08720c90, 0x08e00000)
  to   space 7040K,   0% used [0x08e00000, 0x08e00000, 0x094e0000)
 tenured generation   total 140880K, used 99555K [0x0faa0000, 0x18434000, 0x25000000)
   the space 140880K,  70% used [0x0faa0000, 0x15bd8cc0, 0x15bd8e00, 0x18434000)
 Metaspace       used 25618K, capacity 26263K, committed 26624K, reserved 27008K
}
Event: 119903.902 GC heap before
{Heap before GC invocations=117 (full 4):
 def new generation   total 63488K, used 56451K [0x05000000, 0x094e0000, 0x0faa0000)
  eden space 56448K, 100% used [0x05000000, 0x08720000, 0x08720000)
  from space 7040K,   0% used [0x08720000, 0x08720c90, 0x08e00000)
  to   space 7040K,   0% used [0x08e00000, 0x08e00000, 0x094e0000)
 tenured generation   total 140880K, used 99555K [0x0faa0000, 0x18434000, 0x25000000)
   the space 140880K,  70% used [0x0faa0000, 0x15bd8cc0, 0x15bd8e00, 0x18434000)
 Metaspace       used 25618K, capacity 26263K, committed 26624K, reserved 27008K
Event: 119903.904 GC heap after
Heap after GC invocations=118 (full 4):
 def new generation   total 63488K, used 7K [0x05000000, 0x094e0000, 0x0faa0000)
  eden space 56448K,   0% used [0x05000000, 0x05000000, 0x08720000)
  from space 7040K,   0% used [0x08e00000, 0x08e01e98, 0x094e0000)
  to   space 7040K,   0% used [0x08720000, 0x08720000, 0x08e00000)
 tenured generation   total 140880K, used 99555K [0x0faa0000, 0x18434000, 0x25000000)
   the space 140880K,  70% used [0x0faa0000, 0x15bd8cc0, 0x15bd8e00, 0x18434000)
 Metaspace       used 25618K, capacity 26263K, committed 26624K, reserved 27008K
}
Event: 120207.757 GC heap before
{Heap before GC invocations=118 (full 4):
 def new generation   total 63488K, used 56455K [0x05000000, 0x094e0000, 0x0faa0000)
  eden space 56448K, 100% used [0x05000000, 0x08720000, 0x08720000)
  from space 7040K,   0% used [0x08e00000, 0x08e01e98, 0x094e0000)
  to   space 7040K,   0% used [0x08720000, 0x08720000, 0x08e00000)
 tenured generation   total 140880K, used 99555K [0x0faa0000, 0x18434000, 0x25000000)
   the space 140880K,  70% used [0x0faa0000, 0x15bd8cc0, 0x15bd8e00, 0x18434000)
 Metaspace       used 25618K, capacity 26263K, committed 26624K, reserved 27008K
Event: 120207.760 GC heap after
Heap after GC invocations=119 (full 4):
 def new generation   total 63488K, used 7K [0x05000000, 0x094e0000, 0x0faa0000)
  eden space 56448K,   0% used [0x05000000, 0x05000000, 0x08720000)
  from space 7040K,   0% used [0x08720000, 0x08721f78, 0x08e00000)
  to   space 7040K,   0% used [0x08e00000, 0x08e00000, 0x094e0000)
 tenured generation   total 140880K, used 99555K [0x0faa0000, 0x18434000, 0x25000000)
   the space 140880K,  70% used [0x0faa0000, 0x15bd8cc0, 0x15bd8e00, 0x18434000)
 Metaspace       used 25618K, capacity 26263K, committed 26624K, reserved 27008K
}
Event: 120512.930 GC heap before
{Heap before GC invocations=119 (full 4):
 def new generation   total 63488K, used 56455K [0x05000000, 0x094e0000, 0x0faa0000)
  eden space 56448K, 100% used [0x05000000, 0x08720000, 0x08720000)
  from space 7040K,   0% used [0x08720000, 0x08721f78, 0x08e00000)
  to   space 7040K,   0% used [0x08e00000, 0x08e00000, 0x094e0000)
 tenured generation   total 140880K, used 99555K [0x0faa0000, 0x18434000, 0x25000000)
   the space 140880K,  70% used [0x0faa0000, 0x15bd8cc0, 0x15bd8e00, 0x18434000)
 Metaspace       used 25618K, capacity 26263K, committed 26624K, reserved 27008K
Event: 120512.936 GC heap after
Heap after GC invocations=120 (full 4):
 def new generation   total 63488K, used 8K [0x05000000, 0x094e0000, 0x0faa0000)
  eden space 56448K,   0% used [0x05000000, 0x05000000, 0x08720000)
  from space 7040K,   0% used [0x08e00000, 0x08e021f8, 0x094e0000)
  to   space 7040K,   0% used [0x08720000, 0x08720000, 0x08e00000)
 tenured generation   total 140880K, used 99555K [0x0faa0000, 0x18434000, 0x25000000)
   the space 140880K,  70% used [0x0faa0000, 0x15bd8cc0, 0x15bd8e00, 0x18434000)
 Metaspace       used 25618K, capacity 26263K, committed 26624K, reserved 27008K
}

